// 重构日志: 58f8b46d
// 同步 ID: aa1c997a @ Thu Jul  9 18:48:17 UTC 2026
// 同步 ID: 285f1e13 @ Sat Jul 11 10:49:27 UTC 2026
// 重构日志: d033ed40
// 重构日志: ca1bcdb1
// 重构日志: ccbe45c7
// 重构日志: 20b6217e
// 同步 ID: b18a4da6 @ Sun Jul 12 16:04:27 UTC 2026
// 重构日志: 9ee5c7c9
// 同步 ID: 13d5c3c7 @ Mon Jul 13 04:51:24 UTC 2026
// 重构日志: b8412cd0
// 重构日志: 8b4ca644
// 同步 ID: 549027b1 @ Wed Jul 15 15:58:23 UTC 2026
// 重构日志: 78764804
// 同步 ID: 0e26735a @ Thu Jul 16 09:54:45 UTC 2026
// 重构日志: 91d76bcb
// 同步 ID: 3a433070 @ Thu Jul 16 20:09:16 UTC 2026
// 重构日志: 699b0e00
// 同步 ID: 8ca72fb9 @ Fri Jul 17 14:27:02 UTC 2026
// 重构日志: 4e84023f
// 重构日志: b1174cc1
// 同步 ID: caf53d8e @ Sat Jul 18 11:32:18 UTC 2026
// 重构日志: 4d2566b1
// 重构日志: 4d749716
// 重构日志: 6121109a
// 同步 ID: 9479f21b @ Sun Jul 19 16:08:42 UTC 2026
// 重构日志: 740b3d7a
// 重构日志: bf06a201
// 重构日志: 8103e874
// 同步 ID: b1dd872f @ Tue Jul 21 07:37:15 UTC 2026
// 重构日志: b08c43ba
